<?xml version="1.0" encoding="UTF-8"?>
<!-- Generated by org.testng.reporters.JUnitXMLReporter -->
<testsuite ignored="12" hostname="thundurus" failures="1" tests="1" name="SmokeTests" time="15.313" errors="0" timestamp="2021-08-21T19:18:22 IST">
  <testcase classname="com.momstore.UserAccounts" name="accountLogin" time="4.005">
    <failure type="java.lang.AssertionError" message="expected [SignIn] but found [Sign In with Email]">
      <![CDATA[java.lang.AssertionError: expected [SignIn] but found [Sign In with Email]
at com.momstore.UserAccounts.accountLogin(UserAccounts.java:108)
at java.base/java.util.ArrayList.forEach(ArrayList.java:1541)
... Removed 36 stack frames]]>
    </failure>
  </testcase> <!-- accountLogin -->
  <testcase classname="com.momstore.AddToCart" name="verifyProductsInCart" time="0.0">
    <ignored/>
  </testcase> <!-- verifyProductsInCart -->
  <testcase classname="com.momstore.AddToCart" name="addToCart" time="0.0">
    <ignored/>
  </testcase> <!-- addToCart -->
  <testcase classname="com.momstore.PlaceOrder" name="placeOrderMinicart" time="0.0">
    <ignored/>
  </testcase> <!-- placeOrderMinicart -->
  <testcase classname="com.momstore.project_setup.TestNGBase" name="@AfterSuite postTestRun" time="0.0">
    <ignored/>
  </testcase> <!-- @AfterSuite postTestRun -->
  <testcase classname="com.momstore.project_setup.TestNGBase" name="@AfterSuite postTestRun" time="0.0">
    <ignored/>
  </testcase> <!-- @AfterSuite postTestRun -->
  <testcase classname="com.momstore.project_setup.TestNGBase" name="@AfterSuite postTestRun" time="0.0">
    <ignored/>
  </testcase> <!-- @AfterSuite postTestRun -->
  <testcase classname="com.momstore.UserAccounts" name="accountLogout" time="0.0">
    <ignored/>
  </testcase> <!-- accountLogout -->
  <testcase classname="com.momstore.ProductDetails" name="verifyProductDetails" time="0.0">
    <ignored/>
  </testcase> <!-- verifyProductDetails -->
  <testcase classname="com.momstore.UserAccounts" name="accountCreate" time="0.0">
    <ignored/>
  </testcase> <!-- accountCreate -->
  <testcase classname="com.momstore.project_setup.TestNGBase" name="@BeforeSuite preTestRun" time="0.0">
    <ignored/>
  </testcase> <!-- @BeforeSuite preTestRun -->
  <testcase classname="com.momstore.project_setup.TestNGBase" name="@BeforeSuite preTestRun" time="0.0">
    <ignored/>
  </testcase> <!-- @BeforeSuite preTestRun -->
  <testcase classname="com.momstore.project_setup.TestNGBase" name="@BeforeSuite preTestRun" time="0.0">
    <ignored/>
  </testcase> <!-- @BeforeSuite preTestRun -->
</testsuite> <!-- SmokeTests -->
